This is pdfTeX, Version 3.14159265-2.6-1.40.21 (TeX Live 2020/W32TeX) (preloaded format=pdflatex 2021.3.18)  18 MAR 2021 17:57
entering extended mode
 restricted \write18 enabled.
 %&-line parsing enabled.
**BLUP-manuscript-v1.tex
(./BLUP-manuscript-v1.tex
LaTeX2e <2020-10-01> patch level 4
L3 programming layer <2021-02-18> (c:/Users/jormar/AppData/Roaming/TinyTeX/texm
f-dist/tex/latex/base/article.cls
Document Class: article 2020/04/10 v1.4m Standard LaTeX document class
(c:/Users/jormar/AppData/Roaming/TinyTeX/texmf-dist/tex/latex/base/size10.clo
File: size10.clo 2020/04/10 v1.4m Standard LaTeX file (size option)
)
\c@part=\count179
\c@section=\count180
\c@subsection=\count181
\c@subsubsection=\count182
\c@paragraph=\count183
\c@subparagraph=\count184
\c@figure=\count185
\c@table=\count186
\abovecaptionskip=\skip47
\belowcaptionskip=\skip48
\bibindent=\dimen138
) (./arxiv.sty
(c:/Users/jormar/AppData/Roaming/TinyTeX/texmf-dist/tex/latex/geometry/geometry
.sty
Package: geometry 2020/01/02 v5.9 Page Geometry

(c:/Users/jormar/AppData/Roaming/TinyTeX/texmf-dist/tex/latex/graphics/keyval.s
ty
Package: keyval 2014/10/28 v1.15 key=value parser (DPC)
\KV@toks@=\toks15
)
(c:/Users/jormar/AppData/Roaming/TinyTeX/texmf-dist/tex/generic/iftex/ifvtex.st
y
Package: ifvtex 2019/10/25 v1.7 ifvtex legacy package. Use iftex instead.

(c:/Users/jormar/AppData/Roaming/TinyTeX/texmf-dist/tex/generic/iftex/iftex.sty
Package: iftex 2020/03/06 v1.0d TeX engine tests
))
\Gm@cnth=\count187
\Gm@cntv=\count188
\c@Gm@tempcnt=\count189
\Gm@bindingoffset=\dimen139
\Gm@wd@mp=\dimen140
\Gm@odd@mp=\dimen141
\Gm@even@mp=\dimen142
\Gm@layoutwidth=\dimen143
\Gm@layoutheight=\dimen144
\Gm@layouthoffset=\dimen145
\Gm@layoutvoffset=\dimen146
\Gm@dimlist=\toks16
)
(c:/Users/jormar/AppData/Roaming/TinyTeX/texmf-dist/tex/latex/fancyhdr/fancyhdr
.sty
Package: fancyhdr 2021/01/28 v4.0.1 Extensive control of page headers and foote
rs
\f@nch@headwidth=\skip49
\f@nch@O@elh=\skip50
\f@nch@O@erh=\skip51
\f@nch@O@olh=\skip52
\f@nch@O@orh=\skip53
\f@nch@O@elf=\skip54
\f@nch@O@erf=\skip55
\f@nch@O@olf=\skip56
\f@nch@O@orf=\skip57
)
\@abovecaptionskip=\skip58
\@belowcaptionskip=\skip59
)
(c:/Users/jormar/AppData/Roaming/TinyTeX/texmf-dist/tex/latex/base/inputenc.sty
Package: inputenc 2020/08/01 v1.3d Input encoding file
\inpenc@prehook=\toks17
\inpenc@posthook=\toks18
) (c:/Users/jormar/AppData/Roaming/TinyTeX/texmf-dist/tex/latex/base/fontenc.st
y
Package: fontenc 2020/08/10 v2.0s Standard LaTeX package
LaTeX Font Info:    Trying to load font information for T1+ptm on input line 11
2.
(c:/Users/jormar/AppData/Roaming/TinyTeX/texmf-dist/tex/latex/psnfss/t1ptm.fd
File: t1ptm.fd 2001/06/04 font definitions for T1/ptm.
)) (c:/Users/jormar/AppData/Roaming/TinyTeX/texmf-dist/tex/latex/lm/lmodern.sty
Package: lmodern 2009/10/30 v1.6 Latin Modern Fonts
LaTeX Font Info:    Overwriting symbol font `operators' in version `normal'
(Font)                  OT1/cmr/m/n --> OT1/lmr/m/n on input line 22.
LaTeX Font Info:    Overwriting symbol font `letters' in version `normal'
(Font)                  OML/cmm/m/it --> OML/lmm/m/it on input line 23.
LaTeX Font Info:    Overwriting symbol font `symbols' in version `normal'
(Font)                  OMS/cmsy/m/n --> OMS/lmsy/m/n on input line 24.
LaTeX Font Info:    Overwriting symbol font `largesymbols' in version `normal'
(Font)                  OMX/cmex/m/n --> OMX/lmex/m/n on input line 25.
LaTeX Font Info:    Overwriting symbol font `operators' in version `bold'
(Font)                  OT1/cmr/bx/n --> OT1/lmr/bx/n on input line 26.
LaTeX Font Info:    Overwriting symbol font `letters' in version `bold'
(Font)                  OML/cmm/b/it --> OML/lmm/b/it on input line 27.
LaTeX Font Info:    Overwriting symbol font `symbols' in version `bold'
(Font)                  OMS/cmsy/b/n --> OMS/lmsy/b/n on input line 28.
LaTeX Font Info:    Overwriting symbol font `largesymbols' in version `bold'
(Font)                  OMX/cmex/m/n --> OMX/lmex/m/n on input line 29.
LaTeX Font Info:    Overwriting math alphabet `\mathbf' in version `normal'
(Font)                  OT1/cmr/bx/n --> OT1/lmr/bx/n on input line 31.
LaTeX Font Info:    Overwriting math alphabet `\mathsf' in version `normal'
(Font)                  OT1/cmss/m/n --> OT1/lmss/m/n on input line 32.
LaTeX Font Info:    Overwriting math alphabet `\mathit' in version `normal'
(Font)                  OT1/cmr/m/it --> OT1/lmr/m/it on input line 33.
LaTeX Font Info:    Overwriting math alphabet `\mathtt' in version `normal'
(Font)                  OT1/cmtt/m/n --> OT1/lmtt/m/n on input line 34.
LaTeX Font Info:    Overwriting math alphabet `\mathbf' in version `bold'
(Font)                  OT1/cmr/bx/n --> OT1/lmr/bx/n on input line 35.
LaTeX Font Info:    Overwriting math alphabet `\mathsf' in version `bold'
(Font)                  OT1/cmss/bx/n --> OT1/lmss/bx/n on input line 36.
LaTeX Font Info:    Overwriting math alphabet `\mathit' in version `bold'
(Font)                  OT1/cmr/bx/it --> OT1/lmr/bx/it on input line 37.
LaTeX Font Info:    Overwriting math alphabet `\mathtt' in version `bold'
(Font)                  OT1/cmtt/m/n --> OT1/lmtt/m/n on input line 38.
)
(c:/Users/jormar/AppData/Roaming/TinyTeX/texmf-dist/tex/latex/hyperref/hyperref
.sty
Package: hyperref 2021-02-27 v7.00k Hypertext links for LaTeX

(c:/Users/jormar/AppData/Roaming/TinyTeX/texmf-dist/tex/generic/ltxcmds/ltxcmds
.sty
Package: ltxcmds 2020-05-10 v1.25 LaTeX kernel commands for general use (HO)
)
(c:/Users/jormar/AppData/Roaming/TinyTeX/texmf-dist/tex/generic/pdftexcmds/pdft
excmds.sty
Package: pdftexcmds 2020-06-27 v0.33 Utility functions of pdfTeX for LuaTeX (HO
)

(c:/Users/jormar/AppData/Roaming/TinyTeX/texmf-dist/tex/generic/infwarerr/infwa
rerr.sty
Package: infwarerr 2019/12/03 v1.5 Providing info/warning/error messages (HO)
)
Package pdftexcmds Info: \pdf@primitive is available.
Package pdftexcmds Info: \pdf@ifprimitive is available.
Package pdftexcmds Info: \pdfdraftmode found.
)
(c:/Users/jormar/AppData/Roaming/TinyTeX/texmf-dist/tex/generic/kvsetkeys/kvset
keys.sty
Package: kvsetkeys 2019/12/15 v1.18 Key value parser (HO)
)
(c:/Users/jormar/AppData/Roaming/TinyTeX/texmf-dist/tex/generic/kvdefinekeys/kv
definekeys.sty
Package: kvdefinekeys 2019-12-19 v1.6 Define keys (HO)
)
(c:/Users/jormar/AppData/Roaming/TinyTeX/texmf-dist/tex/generic/pdfescape/pdfes
cape.sty
Package: pdfescape 2019/12/09 v1.15 Implements pdfTeX's escape features (HO)
)
(c:/Users/jormar/AppData/Roaming/TinyTeX/texmf-dist/tex/latex/hycolor/hycolor.s
ty
Package: hycolor 2020-01-27 v1.10 Color options for hyperref/bookmark (HO)
)
(c:/Users/jormar/AppData/Roaming/TinyTeX/texmf-dist/tex/latex/letltxmacro/letlt
xmacro.sty
Package: letltxmacro 2019/12/03 v1.6 Let assignment for LaTeX macros (HO)
)
(c:/Users/jormar/AppData/Roaming/TinyTeX/texmf-dist/tex/latex/auxhook/auxhook.s
ty
Package: auxhook 2019-12-17 v1.6 Hooks for auxiliary files (HO)
)
(c:/Users/jormar/AppData/Roaming/TinyTeX/texmf-dist/tex/latex/kvoptions/kvoptio
ns.sty
Package: kvoptions 2020-10-07 v3.14 Key value format for package options (HO)
)
\@linkdim=\dimen147
\Hy@linkcounter=\count190
\Hy@pagecounter=\count191

(c:/Users/jormar/AppData/Roaming/TinyTeX/texmf-dist/tex/latex/hyperref/pd1enc.d
ef
File: pd1enc.def 2021-02-27 v7.00k Hyperref: PDFDocEncoding definition (HO)
Now handling font encoding PD1 ...
... no UTF-8 mapping file for font encoding PD1
)
(c:/Users/jormar/AppData/Roaming/TinyTeX/texmf-dist/tex/latex/hyperref/hyperref
-langpatches.def
File: hyperref-langpatches.def 2021-02-27 v7.00k Hyperref: patches for babel la
nguages
)
(c:/Users/jormar/AppData/Roaming/TinyTeX/texmf-dist/tex/generic/intcalc/intcalc
.sty
Package: intcalc 2019/12/15 v1.3 Expandable calculations with integers (HO)
)
(c:/Users/jormar/AppData/Roaming/TinyTeX/texmf-dist/tex/generic/etexcmds/etexcm
ds.sty
Package: etexcmds 2019/12/15 v1.7 Avoid name clashes with e-TeX commands (HO)
)
\Hy@SavedSpaceFactor=\count192

(c:/Users/jormar/AppData/Roaming/TinyTeX/texmf-dist/tex/latex/hyperref/puenc.de
f
File: puenc.def 2021-02-27 v7.00k Hyperref: PDF Unicode definition (HO)
Now handling font encoding PU ...
... no UTF-8 mapping file for font encoding PU
)
Package hyperref Info: Hyper figures OFF on input line 4192.
Package hyperref Info: Link nesting OFF on input line 4197.
Package hyperref Info: Hyper index ON on input line 4200.
Package hyperref Info: Plain pages OFF on input line 4207.
Package hyperref Info: Backreferencing OFF on input line 4212.
Package hyperref Info: Implicit mode ON; LaTeX internals redefined.
Package hyperref Info: Bookmarks ON on input line 4445.
\c@Hy@tempcnt=\count193
(c:/Users/jormar/AppData/Roaming/TinyTeX/texmf-dist/tex/latex/url/url.sty
\Urlmuskip=\muskip16
Package: url 2013/09/16  ver 3.4  Verb mode for urls, etc.
)
LaTeX Info: Redefining \url on input line 4804.
\XeTeXLinkMargin=\dimen148

(c:/Users/jormar/AppData/Roaming/TinyTeX/texmf-dist/tex/generic/bitset/bitset.s
ty
Package: bitset 2019/12/09 v1.3 Handle bit-vector datatype (HO)

(c:/Users/jormar/AppData/Roaming/TinyTeX/texmf-dist/tex/generic/bigintcalc/bigi
ntcalc.sty
Package: bigintcalc 2019/12/15 v1.5 Expandable calculations on big integers (HO
)
))
\Fld@menulength=\count194
\Field@Width=\dimen149
\Fld@charsize=\dimen150
Package hyperref Info: Hyper figures OFF on input line 6075.
Package hyperref Info: Link nesting OFF on input line 6080.
Package hyperref Info: Hyper index ON on input line 6083.
Package hyperref Info: backreferencing OFF on input line 6090.
Package hyperref Info: Link coloring OFF on input line 6095.
Package hyperref Info: Link coloring with OCG OFF on input line 6100.
Package hyperref Info: PDF/A mode OFF on input line 6105.
LaTeX Info: Redefining \ref on input line 6145.
LaTeX Info: Redefining \pageref on input line 6149.

(c:/Users/jormar/AppData/Roaming/TinyTeX/texmf-dist/tex/latex/base/atbegshi-ltx
.sty
Package: atbegshi-ltx 2020/08/17 v1.0a Emulation of the original atbegshi packa
ge
with kernel methods
)
\Hy@abspage=\count195
\c@Item=\count196
\c@Hfootnote=\count197
)
Package hyperref Info: Driver (autodetected): hpdftex.

(c:/Users/jormar/AppData/Roaming/TinyTeX/texmf-dist/tex/latex/hyperref/hpdftex.
def
File: hpdftex.def 2021-02-27 v7.00k Hyperref driver for pdfTeX

(c:/Users/jormar/AppData/Roaming/TinyTeX/texmf-dist/tex/latex/base/atveryend-lt
x.sty
Package: atveryend-ltx 2020/08/19 v1.0a Emulation of the original atvery packag
e
with kernel methods
)
\Fld@listcount=\count198
\c@bookmark@seq@number=\count199

(c:/Users/jormar/AppData/Roaming/TinyTeX/texmf-dist/tex/latex/rerunfilecheck/re
runfilecheck.sty
Package: rerunfilecheck 2019/12/05 v1.9 Rerun checks for auxiliary files (HO)

(c:/Users/jormar/AppData/Roaming/TinyTeX/texmf-dist/tex/generic/uniquecounter/u
niquecounter.sty
Package: uniquecounter 2019/12/15 v1.4 Provide unlimited unique counter (HO)
)
Package uniquecounter Info: New unique counter `rerunfilecheck' on input line 2
86.
)
\Hy@SectionHShift=\skip60
)
(c:/Users/jormar/AppData/Roaming/TinyTeX/texmf-dist/tex/latex/booktabs/booktabs
.sty
Package: booktabs 2020/01/12 v1.61803398 Publication quality tables
\heavyrulewidth=\dimen151
\lightrulewidth=\dimen152
\cmidrulewidth=\dimen153
\belowrulesep=\dimen154
\belowbottomsep=\dimen155
\aboverulesep=\dimen156
\abovetopsep=\dimen157
\cmidrulesep=\dimen158
\cmidrulekern=\dimen159
\defaultaddspace=\dimen160
\@cmidla=\count266
\@cmidlb=\count267
\@aboverulesep=\dimen161
\@belowrulesep=\dimen162
\@thisruleclass=\count268
\@lastruleclass=\count269
\@thisrulewidth=\dimen163
)
(c:/Users/jormar/AppData/Roaming/TinyTeX/texmf-dist/tex/latex/amsfonts/amsfonts
.sty
Package: amsfonts 2013/01/14 v3.01 Basic AMSFonts support
\@emptytoks=\toks19
\symAMSa=\mathgroup4
\symAMSb=\mathgroup5
LaTeX Font Info:    Redeclaring math symbol \hbar on input line 98.
LaTeX Font Info:    Overwriting math alphabet `\mathfrak' in version `bold'
(Font)                  U/euf/m/n --> U/euf/b/n on input line 106.
)
(c:/Users/jormar/AppData/Roaming/TinyTeX/texmf-dist/tex/latex/units/nicefrac.st
y
Package: nicefrac 1998/08/04 v0.9b Nice fractions
\L@UnitsRaiseDisplaystyle=\skip61
\L@UnitsRaiseTextstyle=\skip62
\L@UnitsRaiseScriptstyle=\skip63
(c:/Users/jormar/AppData/Roaming/TinyTeX/texmf-dist/tex/latex/base/ifthen.sty
Package: ifthen 2014/09/29 v1.1c Standard LaTeX ifthen package (DPC)
))
(c:/Users/jormar/AppData/Roaming/TinyTeX/texmf-dist/tex/latex/microtype/microty
pe.sty
Package: microtype 2021/03/14 v2.8c Micro-typographical refinements (RS)
\MT@toks=\toks20
\MT@count=\count270
LaTeX Info: Redefining \textls on input line 790.
\MT@outer@kern=\dimen164
LaTeX Info: Redefining \textmicrotypecontext on input line 1374.
\MT@listname@count=\count271

(c:/Users/jormar/AppData/Roaming/TinyTeX/texmf-dist/tex/latex/microtype/microty
pe-pdftex.def
File: microtype-pdftex.def 2021/03/14 v2.8c Definitions specific to pdftex (RS)

LaTeX Info: Redefining \lsstyle on input line 915.
LaTeX Info: Redefining \lslig on input line 915.
\MT@outer@space=\skip64
)
Package microtype Info: Loading configuration file microtype.cfg.

(c:/Users/jormar/AppData/Roaming/TinyTeX/texmf-dist/tex/latex/microtype/microty
pe.cfg
File: microtype.cfg 2021/03/14 v2.8c microtype main configuration file (RS)
))
(c:/Users/jormar/AppData/Roaming/TinyTeX/texmf-dist/tex/latex/lipsum/lipsum.sty

(c:/Users/jormar/AppData/Roaming/TinyTeX/texmf-dist/tex/latex/l3kernel/expl3.st
y
Package: expl3 2021-02-18 L3 programming layer (loader) 

(c:/Users/jormar/AppData/Roaming/TinyTeX/texmf-dist/tex/latex/l3backend/l3backe
nd-pdftex.def
File: l3backend-pdftex.def 2021-03-02 L3 backend support: PDF output (pdfTeX)
\l__color_backend_stack_int=\count272
\l__pdf_internal_box=\box47
))
(c:/Users/jormar/AppData/Roaming/TinyTeX/texmf-dist/tex/latex/l3packages/xparse
/xparse.sty
(c:/Users/jormar/AppData/Roaming/TinyTeX/texmf-dist/tex/latex/l3packages/xparse
/xparse-2020-10-01.sty
(c:/Users/jormar/AppData/Roaming/TinyTeX/texmf-dist/tex/latex/l3packages/xparse
/xparse-generic.tex)))
Package: lipsum 2021-03-03 v2.3 150 paragraphs of Lorem Ipsum dummy text

(c:/Users/jormar/AppData/Roaming/TinyTeX/texmf-dist/tex/latex/lipsum/lipsum.ltd
.tex
File: lipsum.ltd.tex 2021-03-03 v2.3 The Lorem ipsum dummy text
))
(c:/Users/jormar/AppData/Roaming/TinyTeX/texmf-dist/tex/latex/graphics/graphicx
.sty
Package: graphicx 2020/09/09 v1.2b Enhanced LaTeX Graphics (DPC,SPQR)

(c:/Users/jormar/AppData/Roaming/TinyTeX/texmf-dist/tex/latex/graphics/graphics
.sty
Package: graphics 2020/08/30 v1.4c Standard LaTeX Graphics (DPC,SPQR)

(c:/Users/jormar/AppData/Roaming/TinyTeX/texmf-dist/tex/latex/graphics/trig.sty
Package: trig 2016/01/03 v1.10 sin cos tan (DPC)
)
(c:/Users/jormar/AppData/Roaming/TinyTeX/texmf-dist/tex/latex/graphics-cfg/grap
hics.cfg
File: graphics.cfg 2016/06/04 v1.11 sample graphics configuration
)
Package graphics Info: Driver file: pdftex.def on input line 105.

(c:/Users/jormar/AppData/Roaming/TinyTeX/texmf-dist/tex/latex/graphics-def/pdft
ex.def
File: pdftex.def 2020/10/05 v1.2a Graphics/color driver for pdftex
))
\Gin@req@height=\dimen165
\Gin@req@width=\dimen166
)
\csllabelwidth=\skip65
\cslhangindent=\skip66
(c:/Users/jormar/AppData/Roaming/TinyTeX/texmf-dist/tex/latex/tools/calc.sty
Package: calc 2017/05/25 v4.3 Infix arithmetic (KKT,FJ)
\calc@Acount=\count273
\calc@Bcount=\count274
\calc@Adimen=\dimen167
\calc@Bdimen=\dimen168
\calc@Askip=\skip67
\calc@Bskip=\skip68
LaTeX Info: Redefining \setlength on input line 80.
LaTeX Info: Redefining \addtolength on input line 81.
\calc@Ccount=\count275
\calc@Cskip=\skip69
)
(c:/Users/jormar/AppData/Roaming/TinyTeX/texmf-dist/tex/latex/amsmath/amsmath.s
ty
Package: amsmath 2020/09/23 v2.17i AMS math features
\@mathmargin=\skip70
For additional information on amsmath, use the `?' option.

(c:/Users/jormar/AppData/Roaming/TinyTeX/texmf-dist/tex/latex/amsmath/amstext.s
ty
Package: amstext 2000/06/29 v2.01 AMS text

(c:/Users/jormar/AppData/Roaming/TinyTeX/texmf-dist/tex/latex/amsmath/amsgen.st
y
File: amsgen.sty 1999/11/30 v2.0 generic functions
\@emptytoks=\toks21
\ex@=\dimen169
))
(c:/Users/jormar/AppData/Roaming/TinyTeX/texmf-dist/tex/latex/amsmath/amsbsy.st
y
Package: amsbsy 1999/11/29 v1.2d Bold Symbols
\pmbraise@=\dimen170
)
(c:/Users/jormar/AppData/Roaming/TinyTeX/texmf-dist/tex/latex/amsmath/amsopn.st
y
Package: amsopn 2016/03/08 v2.02 operator names
)
\inf@bad=\count276
LaTeX Info: Redefining \frac on input line 234.
\uproot@=\count277
\leftroot@=\count278
LaTeX Info: Redefining \overline on input line 399.
\classnum@=\count279
\DOTSCASE@=\count280
LaTeX Info: Redefining \ldots on input line 496.
LaTeX Info: Redefining \dots on input line 499.
LaTeX Info: Redefining \cdots on input line 620.
\Mathstrutbox@=\box48
\strutbox@=\box49
\big@size=\dimen171
LaTeX Font Info:    Redeclaring font encoding OML on input line 743.
LaTeX Font Info:    Redeclaring font encoding OMS on input line 744.
\macc@depth=\count281
\c@MaxMatrixCols=\count282
\dotsspace@=\muskip17
\c@parentequation=\count283
\dspbrk@lvl=\count284
\tag@help=\toks22
\row@=\count285
\column@=\count286
\maxfields@=\count287
\andhelp@=\toks23
\eqnshift@=\dimen172
\alignsep@=\dimen173
\tagshift@=\dimen174
\tagwidth@=\dimen175
\totwidth@=\dimen176
\lineht@=\dimen177
\@envbody=\toks24
\multlinegap=\skip71
\multlinetaggap=\skip72
\mathdisplay@stack=\toks25
LaTeX Info: Redefining \[ on input line 2923.
LaTeX Info: Redefining \] on input line 2924.
)
(c:/Users/jormar/AppData/Roaming/TinyTeX/texmf-dist/tex/latex/mathtools/mathtoo
ls.sty
Package: mathtools 2020/03/24 v1.24 mathematical typesetting tools

(c:/Users/jormar/AppData/Roaming/TinyTeX/texmf-dist/tex/latex/mathtools/mhsetup
.sty
Package: mhsetup 2017/03/31 v1.3 programming setup (MH)
)
LaTeX Info: Thecontrolsequence`\('isalreadyrobust on input line 130.
LaTeX Info: Thecontrolsequence`\)'isalreadyrobust on input line 130.
LaTeX Info: Thecontrolsequence`\['isalreadyrobust on input line 130.
LaTeX Info: Thecontrolsequence`\]'isalreadyrobust on input line 130.
\g_MT_multlinerow_int=\count288
\l_MT_multwidth_dim=\dimen178
\origjot=\skip73
\l_MT_shortvdotswithinadjustabove_dim=\dimen179
\l_MT_shortvdotswithinadjustbelow_dim=\dimen180
\l_MT_above_intertext_sep=\dimen181
\l_MT_below_intertext_sep=\dimen182
\l_MT_above_shortintertext_sep=\dimen183
\l_MT_below_shortintertext_sep=\dimen184
\xmathstrut@box=\box50
\xmathstrut@dim=\dimen185
) (c:/Users/jormar/AppData/Roaming/TinyTeX/texmf-dist/tex/latex/was/upgreek.sty
Package: upgreek 2003/02/12 v2.0 (WaS)
Package upgreek Info: Using Euler Roman for upright Greek on input line 31.
\symugrf@m=\mathgroup6
LaTeX Font Info:    Overwriting symbol font `ugrf@m' in version `bold'
(Font)                  U/eur/m/n --> U/eur/b/n on input line 38.
)
(c:/Users/jormar/AppData/Roaming/TinyTeX/texmf-dist/tex/latex/lineno/lineno.sty
Package: lineno 2005/11/02 line numbers on paragraphs v4.41
\linenopenalty=\count289
\output=\toks26
\linenoprevgraf=\count290
\linenumbersep=\dimen186
\linenumberwidth=\dimen187
\c@linenumber=\count291
\c@pagewiselinenumber=\count292
\c@LN@truepage=\count293
\c@internallinenumber=\count294
\c@internallinenumbers=\count295
\quotelinenumbersep=\dimen188
\bframerule=\dimen189
\bframesep=\dimen190
\bframebox=\box51
LaTeX Info: Redefining \\ on input line 3056.
)
(c:/Users/jormar/AppData/Roaming/TinyTeX/texmf-dist/tex/latex/caption/caption.s
ty
Package: caption 2020/10/26 v3.5g Customizing captions (AR)

(c:/Users/jormar/AppData/Roaming/TinyTeX/texmf-dist/tex/latex/caption/caption3.
sty
Package: caption3 2020/10/21 v2.2e caption3 kernel (AR)
\captionmargin=\dimen191
\captionmargin@=\dimen192
\captionwidth=\dimen193
\caption@tempdima=\dimen194
\caption@indent=\dimen195
\caption@parindent=\dimen196
\caption@hangindent=\dimen197
Package caption Info: Standard document class detected.
)
\c@caption@flags=\count296
\c@continuedfloat=\count297
Package caption Info: hyperref package is loaded.
)
Package hyperref Info: Option `colorlinks' set `true' on input line 62.
LaTeX Font Info:    Trying to load font information for T1+lmr on input line 65
.
(c:/Users/jormar/AppData/Roaming/TinyTeX/texmf-dist/tex/latex/lm/t1lmr.fd
File: t1lmr.fd 2009/10/30 v1.6 Font defs for Latin Modern
) (./BLUP-manuscript-v1.aux)
\openout1 = `BLUP-manuscript-v1.aux'.

LaTeX Font Info:    Checking defaults for OML/cmm/m/it on input line 65.
LaTeX Font Info:    ... okay on input line 65.
LaTeX Font Info:    Checking defaults for OMS/cmsy/m/n on input line 65.
LaTeX Font Info:    ... okay on input line 65.
LaTeX Font Info:    Checking defaults for OT1/cmr/m/n on input line 65.
LaTeX Font Info:    ... okay on input line 65.
LaTeX Font Info:    Checking defaults for T1/cmr/m/n on input line 65.
LaTeX Font Info:    ... okay on input line 65.
LaTeX Font Info:    Checking defaults for TS1/cmr/m/n on input line 65.
LaTeX Font Info:    ... okay on input line 65.
LaTeX Font Info:    Checking defaults for OMX/cmex/m/n on input line 65.
LaTeX Font Info:    ... okay on input line 65.
LaTeX Font Info:    Checking defaults for U/cmr/m/n on input line 65.
LaTeX Font Info:    ... okay on input line 65.
LaTeX Font Info:    Checking defaults for PD1/pdf/m/n on input line 65.
LaTeX Font Info:    ... okay on input line 65.
LaTeX Font Info:    Checking defaults for PU/pdf/m/n on input line 65.
LaTeX Font Info:    ... okay on input line 65.
*geometry* driver: auto-detecting
*geometry* detected driver: pdftex
*geometry* verbose mode - [ preamble ] result:
* driver: pdftex
* paper: letterpaper
* layout: <same size as paper>
* layoutoffset:(h,v)=(0.0pt,0.0pt)
* modes: 
* h-part:(L,W,R)=(92.14519pt, 430.00462pt, 92.14519pt)
* v-part:(T,H,B)=(95.39737pt, 556.47656pt, 143.09605pt)
* \paperwidth=614.295pt
* \paperheight=794.96999pt
* \textwidth=430.00462pt
* \textheight=556.47656pt
* \oddsidemargin=19.8752pt
* \evensidemargin=19.8752pt
* \topmargin=-13.87262pt
* \headheight=12.0pt
* \headsep=25.0pt
* \topskip=10.0pt
* \footskip=30.0pt
* \marginparwidth=65.0pt
* \marginparsep=11.0pt
* \columnsep=10.0pt
* \skip\footins=9.0pt plus 4.0pt minus 2.0pt
* \hoffset=0.0pt
* \voffset=0.0pt
* \mag=1000
* \@twocolumnfalse
* \@twosidefalse
* \@mparswitchfalse
* \@reversemarginfalse
* (1in=72.27pt=25.4mm, 1cm=28.453pt)

*geometry* verbose mode - [ newgeometry ] result:
* driver: pdftex
* paper: letterpaper
* layout: <same size as paper>
* layoutoffset:(h,v)=(0.0pt,0.0pt)
* modes: 
* h-part:(L,W,R)=(72.27pt, 469.75499pt, 72.27pt)
* v-part:(T,H,B)=(72.26999pt, 650.43pt, 72.27pt)
* \paperwidth=614.295pt
* \paperheight=794.96999pt
* \textwidth=469.75499pt
* \textheight=650.43pt
* \oddsidemargin=0.00002pt
* \evensidemargin=0.00002pt
* \topmargin=-39.0pt
* \headheight=14.0pt
* \headsep=25.0pt
* \topskip=10.0pt
* \footskip=30.0pt
* \marginparwidth=65.0pt
* \marginparsep=11.0pt
* \columnsep=10.0pt
* \skip\footins=9.0pt plus 4.0pt minus 2.0pt
* \hoffset=0.0pt
* \voffset=0.0pt
* \mag=1000
* \@twocolumnfalse
* \@twosidefalse
* \@mparswitchfalse
* \@reversemarginfalse
* (1in=72.27pt=25.4mm, 1cm=28.453pt)


(c:/Users/jormar/AppData/Roaming/TinyTeX/texmf-dist/tex/latex/graphics/color.st
y
Package: color 2020/02/24 v1.2b Standard LaTeX Color (DPC)

(c:/Users/jormar/AppData/Roaming/TinyTeX/texmf-dist/tex/latex/graphics-cfg/colo
r.cfg
File: color.cfg 2016/01/02 v1.6 sample color configuration
)
Package color Info: Driver file: pdftex.def on input line 147.
)
Package hyperref Info: Link coloring ON on input line 65.

(c:/Users/jormar/AppData/Roaming/TinyTeX/texmf-dist/tex/latex/hyperref/nameref.
sty
Package: nameref 2021-04-02 v2.47 Cross-referencing by name of section

(c:/Users/jormar/AppData/Roaming/TinyTeX/texmf-dist/tex/latex/refcount/refcount
.sty
Package: refcount 2019/12/15 v3.6 Data extraction from label references (HO)
)
(c:/Users/jormar/AppData/Roaming/TinyTeX/texmf-dist/tex/generic/gettitlestring/
gettitlestring.sty
Package: gettitlestring 2019/12/15 v1.6 Cleanup title references (HO)
)
\c@section@level=\count298
)
LaTeX Info: Redefining \ref on input line 65.
LaTeX Info: Redefining \pageref on input line 65.
LaTeX Info: Redefining \nameref on input line 65.
(./BLUP-manuscript-v1.out) (./BLUP-manuscript-v1.out)
\@outlinefile=\write3
\openout3 = `BLUP-manuscript-v1.out'.

LaTeX Info: Redefining \microtypecontext on input line 65.
Package microtype Info: Generating PDF output.
Package microtype Info: Character protrusion enabled (level 2).
Package microtype Info: Using default protrusion set `alltext'.
Package microtype Info: Automatic font expansion enabled (level 2),
(microtype)             stretch: 20, shrink: 20, step: 1, non-selected.
Package microtype Info: Using default expansion set `alltext-nott'.
LaTeX Info: Redefining \showhyphens on input line 65.
Package microtype Info: No adjustment of tracking.
Package microtype Info: No adjustment of interword spacing.
Package microtype Info: No adjustment of character kerning.

(c:/Users/jormar/AppData/Roaming/TinyTeX/texmf-dist/tex/latex/microtype/mt-cmr.
cfg
File: mt-cmr.cfg 2013/05/19 v2.2 microtype config. file: Computer Modern Roman 
(RS)
)
(c:/Users/jormar/AppData/Roaming/TinyTeX/texmf-dist/tex/context/base/mkii/supp-
pdf.mkii
[Loading MPS to PDF converter (version 2006.09.02).]
\scratchcounter=\count299
\scratchdimen=\dimen198
\scratchbox=\box52
\nofMPsegments=\count300
\nofMParguments=\count301
\everyMPshowfont=\toks27
\MPscratchCnt=\count302
\MPscratchDim=\dimen199
\MPnumerator=\count303
\makeMPintoPDFobject=\count304
\everyMPtoPDFconversion=\toks28
)
(c:/Users/jormar/AppData/Roaming/TinyTeX/texmf-dist/tex/latex/epstopdf-pkg/epst
opdf-base.sty
Package: epstopdf-base 2020-01-24 v2.11 Base part for package epstopdf
Package epstopdf-base Info: Redefining graphics rule for `.eps' on input line 4
85.

(c:/Users/jormar/AppData/Roaming/TinyTeX/texmf-dist/tex/latex/latexconfig/epsto
pdf-sys.cfg
File: epstopdf-sys.cfg 2010/07/13 v1.3 Configuration of (r)epstopdf for TeX Liv
e
))
Package caption Info: Begin \AtBeginDocument code.
Package caption Info: End \AtBeginDocument code.
Package microtype Info: Character `029' is missing
(microtype)             in font `T1/lmr/m/sc/17.28'.
(microtype)             Ignoring protrusion settings for this character.
Package microtype Info: Character `029' is missing
(microtype)             in font `T1/lmr/m/sc/10'.
(microtype)             Ignoring protrusion settings for this character.
LaTeX Font Info:    Trying to load font information for OT1+lmr on input line 6
7.
(c:/Users/jormar/AppData/Roaming/TinyTeX/texmf-dist/tex/latex/lm/ot1lmr.fd
File: ot1lmr.fd 2009/10/30 v1.6 Font defs for Latin Modern
)
LaTeX Font Info:    Trying to load font information for OML+lmm on input line 6
7.
(c:/Users/jormar/AppData/Roaming/TinyTeX/texmf-dist/tex/latex/lm/omllmm.fd
File: omllmm.fd 2009/10/30 v1.6 Font defs for Latin Modern
)
LaTeX Font Info:    Trying to load font information for OMS+lmsy on input line 
67.
(c:/Users/jormar/AppData/Roaming/TinyTeX/texmf-dist/tex/latex/lm/omslmsy.fd
File: omslmsy.fd 2009/10/30 v1.6 Font defs for Latin Modern
)
LaTeX Font Info:    Trying to load font information for OMX+lmex on input line 
67.
(c:/Users/jormar/AppData/Roaming/TinyTeX/texmf-dist/tex/latex/lm/omxlmex.fd
File: omxlmex.fd 2009/10/30 v1.6 Font defs for Latin Modern
)
LaTeX Font Info:    External font `lmex10' loaded for size
(Font)              <10> on input line 67.
LaTeX Font Info:    External font `lmex10' loaded for size
(Font)              <7> on input line 67.
LaTeX Font Info:    External font `lmex10' loaded for size
(Font)              <5> on input line 67.
LaTeX Font Info:    Trying to load font information for U+msa on input line 67.

(c:/Users/jormar/AppData/Roaming/TinyTeX/texmf-dist/tex/latex/amsfonts/umsa.fd
File: umsa.fd 2013/01/14 v3.01 AMS symbols A
)
(c:/Users/jormar/AppData/Roaming/TinyTeX/texmf-dist/tex/latex/microtype/mt-msa.
cfg
File: mt-msa.cfg 2006/02/04 v1.1 microtype config. file: AMS symbols (a) (RS)
)
LaTeX Font Info:    Trying to load font information for U+msb on input line 67.

(c:/Users/jormar/AppData/Roaming/TinyTeX/texmf-dist/tex/latex/amsfonts/umsb.fd
File: umsb.fd 2013/01/14 v3.01 AMS symbols B
)
(c:/Users/jormar/AppData/Roaming/TinyTeX/texmf-dist/tex/latex/microtype/mt-msb.
cfg
File: mt-msb.cfg 2005/06/01 v1.0 microtype config. file: AMS symbols (b) (RS)
)
(c:/Users/jormar/AppData/Roaming/TinyTeX/texmf-dist/tex/latex/microtype/mt-eur.
cfg
File: mt-eur.cfg 2006/07/31 v1.1 microtype config. file: AMS Euler Roman (RS)
)
LaTeX Font Info:    Trying to load font information for T1+lmtt on input line 6
7.
(c:/Users/jormar/AppData/Roaming/TinyTeX/texmf-dist/tex/latex/lm/t1lmtt.fd
File: t1lmtt.fd 2009/10/30 v1.6 Font defs for Latin Modern
)
Package microtype Info: Loading generic protrusion settings for font family
(microtype)             `lmtt' (encoding: T1).
(microtype)             For optimal results, create family-specific settings.
(microtype)             See the microtype manual for details.

LaTeX Font Warning: Font shape `T1/lmr/bx/sc' undefined
(Font)              using `T1/lmr/bx/n' instead on input line 71.

LaTeX Font Info:    Trying to load font information for T1+lmss on input line 9
8.
(c:/Users/jormar/AppData/Roaming/TinyTeX/texmf-dist/tex/latex/lm/t1lmss.fd
File: t1lmss.fd 2009/10/30 v1.6 Font defs for Latin Modern
)
Package microtype Info: Loading generic protrusion settings for font family
(microtype)             `lmss' (encoding: T1).
(microtype)             For optimal results, create family-specific settings.
(microtype)             See the microtype manual for details.
[1


{c:/Users/jormar/AppData/Roaming/TinyTeX/texmf-var/fonts/map/pdftex/updmap/pdft
ex.map}]
<fig1.pdf, id=129, 614.295pt x 397.485pt>
File: fig1.pdf Graphic file (type pdf)
<use fig1.pdf>
Package pdftex.def Info: fig1.pdf  used on input line 231.
(pdftex.def)             Requested size: 491.43666pt x 317.98842pt.

Underfull \vbox (badness 1783) has occurred while \output is active []

[2] [3 <./fig1.pdf>]
Underfull \vbox (badness 4144) has occurred while \output is active []

[4]
<fig2.pdf, id=267, 794.97pt x 505.89pt>
File: fig2.pdf Graphic file (type pdf)
<use fig2.pdf>
Package pdftex.def Info: fig2.pdf  used on input line 471.
(pdftex.def)             Requested size: 556.4752pt x 354.12057pt.

Overfull \hbox (39.15012pt too wide) in paragraph at lines 470--475
[]|  [] 
 []


Underfull \hbox (badness 10000) in paragraph at lines 475--475

 []


Underfull \hbox (badness 10000) in paragraph at lines 475--475

 []


Underfull \hbox (badness 1072) in paragraph at lines 475--475
[]$\T1/lmr/m/n/10 (+20) . Pat-terns of non-lin-ear se-lec-tion on two be-hav-io
ral RN pa-ram-e-ters $[]$ and $[]$.
 []


Underfull \vbox (badness 10000) has occurred while \output is active []

[5] [6 <./fig2.pdf>] [7]pdfTeX warning (ext4): destination with the same identi
fier (name{equation.3.1}) has been already used, duplicate ignored
<to be read again> 
                   \relax 
l.606 \begin{equation}
                       \tag{1.2}\label{eq:1.2}pdfTeX warning (ext4): destinatio
n with the same identifier (name{equation.3.1}) has been already used, duplicat
e ignored
<to be read again> 
                   \relax 
l.675 \begin{equation}
                       \tag{1.3}\label{eq:1.3} [8] [9]pdfTeX warning (ext4): de
stination with the same identifier (name{equation.3.1}) has been already used, 
duplicate ignored
<to be read again> 
                   \relax 
l.883 \begin{equation}
                       \tag{2}\label{eq:2}
Underfull \vbox (badness 10000) has occurred while \output is active []

[10]pdfTeX warning (ext4): destination with the same identifier (name{equation.
3.1}) has been already used, duplicate ignored
<to be read again> 
                   \relax 
l.923 \begin{equation}
                       \tag{3}\label{eq:3}pdfTeX warning (ext4): destination wi
th the same identifier (name{equation.3.1}) has been already used, duplicate ig
nored
<to be read again> 
                   \relax 
l.951 \begin{equation}
                       \tag{4.1}\label{eq:4.1}pdfTeX warning (ext4): destinatio
n with the same identifier (name{equation.3.1}) has been already used, duplicat
e ignored
<to be read again> 
                   \relax 
l.964 variances. \begin{equation}
                                  \tag{4.2}\label{eq:4.2} [11]
Underfull \vbox (badness 10000) has occurred while \output is active []

[12]
<fig3_2.pdf, id=456, 722.7pt x 505.89pt>
File: fig3_2.pdf Graphic file (type pdf)
<use fig3_2.pdf>
Package pdftex.def Info: fig3_2.pdf  used on input line 1118.
(pdftex.def)             Requested size: 527.5666pt x 369.29662pt.

Overfull \hbox (14.50925pt too wide) in paragraph at lines 1117--1122
[]|  [] 
 []


Underfull \hbox (badness 10000) in paragraph at lines 1122--1122

 []


Underfull \hbox (badness 10000) in paragraph at lines 1122--1122

 []


LaTeX Warning: Float too large for page by 13.63313pt on input line 1124.

[13] [14 <./fig3_2.pdf>]
Underfull \vbox (badness 10000) has occurred while \output is active []

[15]
Underfull \vbox (badness 10000) has occurred while \output is active []

[16]
Underfull \vbox (badness 10000) has occurred while \output is active []

[17]
Underfull \vbox (badness 10000) has occurred while \output is active []

[18]
Underfull \vbox (badness 10000) has occurred while \output is active []

[19]
Underfull \vbox (badness 10000) has occurred while \output is active []

[20]
No file BLUP-manuscript-v1.bbl.
[21] (./BLUP-manuscript-v1.aux)

LaTeX Font Warning: Some font shapes were not available, defaults substituted.

Package rerunfilecheck Info: File `BLUP-manuscript-v1.out' has not changed.
(rerunfilecheck)             Checksum: 7E6E3533F5D0DA97DADE75B5AB7F7161;3147.
 ) 
Here is how much of TeX's memory you used:
 14062 strings out of 480962
 225402 string characters out of 5905904
 699335 words of memory out of 5000000
 30650 multiletter control sequences out of 15000+600000
 475064 words of font info for 178 fonts, out of 8000000 for 9000
 14 hyphenation exceptions out of 8191
 83i,16n,88p,3243b,427s stack positions out of 5000i,500n,10000p,200000b,80000s
{c:/Users/jormar/AppData/Roaming/TinyTeX/texmf-dist/fonts/enc/dvips/lm/lm-rm.
enc}{c:/Users/jormar/AppData/Roaming/TinyTeX/texmf-dist/fonts/enc/dvips/lm/lm-m
athsy.enc}{c:/Users/jormar/AppData/Roaming/TinyTeX/texmf-dist/fonts/enc/dvips/l
m/lm-mathex.enc}{c:/Users/jormar/AppData/Roaming/TinyTeX/texmf-dist/fonts/enc/d
vips/lm/lm-mathit.enc}{c:/Users/jormar/AppData/Roaming/TinyTeX/texmf-dist/fonts
/enc/dvips/lm/lm-ec.enc}<c:/Users/jormar/AppData/Roaming/TinyTeX/texmf-dist/fon
ts/type1/public/amsfonts/euler/eurb10.pfb><c:/Users/jormar/AppData/Roaming/Tiny
TeX/texmf-dist/fonts/type1/public/amsfonts/euler/eurm10.pfb><c:/Users/jormar/Ap
pData/Roaming/TinyTeX/texmf-dist/fonts/type1/public/lm/lmbx10.pfb><c:/Users/jor
mar/AppData/Roaming/TinyTeX/texmf-dist/fonts/type1/public/lm/lmbx12.pfb><c:/Use
rs/jormar/AppData/Roaming/TinyTeX/texmf-dist/fonts/type1/public/lm/lmbx7.pfb><c
:/Users/jormar/AppData/Roaming/TinyTeX/texmf-dist/fonts/type1/public/lm/lmbxi10
.pfb><c:/Users/jormar/AppData/Roaming/TinyTeX/texmf-dist/fonts/type1/public/lm/
lmcsc10.pfb><c:/Users/jormar/AppData/Roaming/TinyTeX/texmf-dist/fonts/type1/pub
lic/lm/lmex10.pfb><c:/Users/jormar/AppData/Roaming/TinyTeX/texmf-dist/fonts/typ
e1/public/lm/lmmi10.pfb><c:/Users/jormar/AppData/Roaming/TinyTeX/texmf-dist/fon
ts/type1/public/lm/lmmi7.pfb><c:/Users/jormar/AppData/Roaming/TinyTeX/texmf-dis
t/fonts/type1/public/lm/lmmib10.pfb><c:/Users/jormar/AppData/Roaming/TinyTeX/te
xmf-dist/fonts/type1/public/lm/lmr10.pfb><c:/Users/jormar/AppData/Roaming/TinyT
eX/texmf-dist/fonts/type1/public/lm/lmr5.pfb><c:/Users/jormar/AppData/Roaming/T
inyTeX/texmf-dist/fonts/type1/public/lm/lmr7.pfb><c:/Users/jormar/AppData/Roami
ng/TinyTeX/texmf-dist/fonts/type1/public/lm/lmri10.pfb><c:/Users/jormar/AppData
/Roaming/TinyTeX/texmf-dist/fonts/type1/public/lm/lmss8.pfb><c:/Users/jormar/Ap
pData/Roaming/TinyTeX/texmf-dist/fonts/type1/public/lm/lmsy10.pfb><c:/Users/jor
mar/AppData/Roaming/TinyTeX/texmf-dist/fonts/type1/public/lm/lmsy5.pfb><c:/User
s/jormar/AppData/Roaming/TinyTeX/texmf-dist/fonts/type1/public/lm/lmsy7.pfb><c:
/Users/jormar/AppData/Roaming/TinyTeX/texmf-dist/fonts/type1/public/lm/lmtt10.p
fb>
Output written on BLUP-manuscript-v1.pdf (21 pages, 571638 bytes).
PDF statistics:
 701 PDF objects out of 1000 (max. 8388607)
 645 compressed objects within 7 object streams
 158 named destinations out of 1000 (max. 500000)
 35464 words of extra memory for PDF output out of 35830 (max. 10000000)

